# JRE version: Java(TM) SE Runtime Environment (8.0_191-b12) (build 1.8.0_191-b12)
# Java VM: Java HotSpot(TM) Client VM (25.191-b12 mixed mode windows-x86 )
Heap:
 def new generation   total 76736K, used 55539K [0x05400000, 0x0a740000, 0x0fea0000)
  eden space 68224K,  80% used [0x05400000, 0x08972288, 0x096a0000)
  from space 8512K,   9% used [0x09ef0000, 0x09fbabd0, 0x0a740000)
  to   space 8512K,   0% used [0x096a0000, 0x096a0000, 0x09ef0000)
 tenured generation   total 170380K, used 152452K [0x0fea0000, 0x1a503000, 0x25400000)
   the space 170380K,  89% used [0x0fea0000, 0x193813b0, 0x19381400, 0x1a503000)
 Metaspace       used 22909K, capacity 23455K, committed 23552K, reserved 23936K
GC Heap History (10 events):
Event: 781.470 GC heap before
{Heap before GC invocations=22 (full 3):
 def new generation   total 76736K, used 68835K [0x05400000, 0x0a740000, 0x0fea0000)
  eden space 68224K, 100% used [0x05400000, 0x096a0000, 0x096a0000)
  from space 8512K,   7% used [0x096a0000, 0x09738c08, 0x09ef0000)
  to   space 8512K,   0% used [0x09ef0000, 0x09ef0000, 0x0a740000)
 tenured generation   total 170380K, used 152452K [0x0fea0000, 0x1a503000, 0x25400000)
   the space 170380K,  89% used [0x0fea0000, 0x193813b0, 0x19381400, 0x1a503000)
 Metaspace       used 22909K, capacity 23455K, committed 23552K, reserved 23936K
Event: 781.472 GC heap after
Heap after GC invocations=23 (full 3):
 def new generation   total 76736K, used 808K [0x05400000, 0x0a740000, 0x0fea0000)
  eden space 68224K,   0% used [0x05400000, 0x05400000, 0x096a0000)
  from space 8512K,   9% used [0x09ef0000, 0x09fba1b0, 0x0a740000)
  to   space 8512K,   0% used [0x096a0000, 0x096a0000, 0x09ef0000)
 tenured generation   total 170380K, used 152452K [0x0fea0000, 0x1a503000, 0x25400000)
   the space 170380K,  89% used [0x0fea0000, 0x193813b0, 0x19381400, 0x1a503000)
 Metaspace       used 22909K, capacity 23455K, committed 23552K, reserved 23936K
}
Event: 793.223 GC heap before
{Heap before GC invocations=23 (full 3):
 def new generation   total 76736K, used 69032K [0x05400000, 0x0a740000, 0x0fea0000)
  eden space 68224K, 100% used [0x05400000, 0x096a0000, 0x096a0000)
  from space 8512K,   9% used [0x09ef0000, 0x09fba1b0, 0x0a740000)
  to   space 8512K,   0% used [0x096a0000, 0x096a0000, 0x09ef0000)
 tenured generation   total 170380K, used 152452K [0x0fea0000, 0x1a503000, 0x25400000)
   the space 170380K,  89% used [0x0fea0000, 0x193813b0, 0x19381400, 0x1a503000)
 Metaspace       used 22909K, capacity 23455K, committed 23552K, reserved 23936K
Event: 793.225 GC heap after
Heap after GC invocations=24 (full 3):
 def new generation   total 76736K, used 808K [0x05400000, 0x0a740000, 0x0fea0000)
  eden space 68224K,   0% used [0x05400000, 0x05400000, 0x096a0000)
  from space 8512K,   9% used [0x096a0000, 0x0976a1a0, 0x09ef0000)
  to   space 8512K,   0% used [0x09ef0000, 0x09ef0000, 0x0a740000)
 tenured generation   total 170380K, used 152452K [0x0fea0000, 0x1a503000, 0x25400000)
   the space 170380K,  89% used [0x0fea0000, 0x193813b0, 0x19381400, 0x1a503000)
 Metaspace       used 22909K, capacity 23455K, committed 23552K, reserved 23936K
}
Event: 804.859 GC heap before
{Heap before GC invocations=24 (full 3):
 def new generation   total 76736K, used 69032K [0x05400000, 0x0a740000, 0x0fea0000)
  eden space 68224K, 100% used [0x05400000, 0x096a0000, 0x096a0000)
  from space 8512K,   9% used [0x096a0000, 0x0976a1a0, 0x09ef0000)
  to   space 8512K,   0% used [0x09ef0000, 0x09ef0000, 0x0a740000)
 tenured generation   total 170380K, used 152452K [0x0fea0000, 0x1a503000, 0x25400000)
   the space 170380K,  89% used [0x0fea0000, 0x193813b0, 0x19381400, 0x1a503000)
 Metaspace       used 22909K, capacity 23455K, committed 23552K, reserved 23936K
Event: 804.861 GC heap after
Heap after GC invocations=25 (full 3):
 def new generation   total 76736K, used 808K [0x05400000, 0x0a740000, 0x0fea0000)
  eden space 68224K,   0% used [0x05400000, 0x05400000, 0x096a0000)
  from space 8512K,   9% used [0x09ef0000, 0x09fba2c0, 0x0a740000)
  to   space 8512K,   0% used [0x096a0000, 0x096a0000, 0x09ef0000)
 tenured generation   total 170380K, used 152452K [0x0fea0000, 0x1a503000, 0x25400000)
   the space 170380K,  89% used [0x0fea0000, 0x193813b0, 0x19381400, 0x1a503000)
 Metaspace       used 22909K, capacity 23455K, committed 23552K, reserved 23936K
}
Event: 817.080 GC heap before
{Heap before GC invocations=25 (full 3):
 def new generation   total 76736K, used 69032K [0x05400000, 0x0a740000, 0x0fea0000)
  eden space 68224K, 100% used [0x05400000, 0x096a0000, 0x096a0000)
  from space 8512K,   9% used [0x09ef0000, 0x09fba2c0, 0x0a740000)
  to   space 8512K,   0% used [0x096a0000, 0x096a0000, 0x09ef0000)
 tenured generation   total 170380K, used 152452K [0x0fea0000, 0x1a503000, 0x25400000)
   the space 170380K,  89% used [0x0fea0000, 0x193813b0, 0x19381400, 0x1a503000)
 Metaspace       used 22909K, capacity 23455K, committed 23552K, reserved 23936K
Event: 817.082 GC heap after
Heap after GC invocations=26 (full 3):
 def new generation   total 76736K, used 808K [0x05400000, 0x0a740000, 0x0fea0000)
  eden space 68224K,   0% used [0x05400000, 0x05400000, 0x096a0000)
  from space 8512K,   9% used [0x096a0000, 0x0976a1e8, 0x09ef0000)
  to   space 8512K,   0% used [0x09ef0000, 0x09ef0000, 0x0a740000)
 tenured generation   total 170380K, used 152452K [0x0fea0000, 0x1a503000, 0x25400000)
   the space 170380K,  89% used [0x0fea0000, 0x193813b0, 0x19381400, 0x1a503000)
 Metaspace       used 22909K, capacity 23455K, committed 23552K, reserved 23936K
}
Event: 828.871 GC heap before
{Heap before GC invocations=26 (full 3):
 def new generation   total 76736K, used 69032K [0x05400000, 0x0a740000, 0x0fea0000)
  eden space 68224K, 100% used [0x05400000, 0x096a0000, 0x096a0000)
  from space 8512K,   9% used [0x096a0000, 0x0976a1e8, 0x09ef0000)
  to   space 8512K,   0% used [0x09ef0000, 0x09ef0000, 0x0a740000)
 tenured generation   total 170380K, used 152452K [0x0fea0000, 0x1a503000, 0x25400000)
   the space 170380K,  89% used [0x0fea0000, 0x193813b0, 0x19381400, 0x1a503000)
 Metaspace       used 22909K, capacity 23455K, committed 23552K, reserved 23936K
Event: 828.873 GC heap after
Heap after GC invocations=27 (full 3):
 def new generation   total 76736K, used 810K [0x05400000, 0x0a740000, 0x0fea0000)
  eden space 68224K,   0% used [0x05400000, 0x05400000, 0x096a0000)
  from space 8512K,   9% used [0x09ef0000, 0x09fbabd0, 0x0a740000)
  to   space 8512K,   0% used [0x096a0000, 0x096a0000, 0x09ef0000)
 tenured generation   total 170380K, used 152452K [0x0fea0000, 0x1a503000, 0x25400000)
   the space 170380K,  89% used [0x0fea0000, 0x193813b0, 0x19381400, 0x1a503000)
 Metaspace       used 22909K, capacity 23455K, committed 23552K, reserved 23936K
}

