# JRE version: Java(TM) SE Runtime Environment (8.0_191-b12) (build 1.8.0_191-b12)
# Java VM: Java HotSpot(TM) Client VM (25.191-b12 mixed mode windows-x86 )
Heap:
 def new generation   total 50752K, used 30689K [0x04e00000, 0x08510000, 0x0f8a0000)
  eden space 45120K,  60% used [0x04e00000, 0x068963a8, 0x07a10000)
  from space 5632K,  61% used [0x07f90000, 0x082f2090, 0x08510000)
  to   space 5632K,   0% used [0x07a10000, 0x07a10000, 0x07f90000)
 tenured generation   total 112584K, used 99863K [0x0f8a0000, 0x16692000, 0x24e00000)
   the space 112584K,  88% used [0x0f8a0000, 0x15a25c80, 0x15a25e00, 0x16692000)
 Metaspace       used 23205K, capacity 23754K, committed 23808K, reserved 23936K
GC Heap History (10 events):
Event: 101234.931 GC heap before
{Heap before GC invocations=228 (full 3):
 def new generation   total 50752K, used 46951K [0x04e00000, 0x08510000, 0x0f8a0000)
  eden space 45120K, 100% used [0x04e00000, 0x07a10000, 0x07a10000)
  from space 5632K,  32% used [0x07a10000, 0x07bd9f80, 0x07f90000)
  to   space 5632K,   0% used [0x07f90000, 0x07f90000, 0x08510000)
 tenured generation   total 112584K, used 99863K [0x0f8a0000, 0x16692000, 0x24e00000)
   the space 112584K,  88% used [0x0f8a0000, 0x15a25c80, 0x15a25e00, 0x16692000)
 Metaspace       used 23189K, capacity 23719K, committed 23808K, reserved 23936K
Event: 101234.935 GC heap after
Heap after GC invocations=229 (full 3):
 def new generation   total 50752K, used 1826K [0x04e00000, 0x08510000, 0x0f8a0000)
  eden space 45120K,   0% used [0x04e00000, 0x04e00000, 0x07a10000)
  from space 5632K,  32% used [0x07f90000, 0x081588c0, 0x08510000)
  to   space 5632K,   0% used [0x07a10000, 0x07a10000, 0x07f90000)
 tenured generation   total 112584K, used 99863K [0x0f8a0000, 0x16692000, 0x24e00000)
   the space 112584K,  88% used [0x0f8a0000, 0x15a25c80, 0x15a25e00, 0x16692000)
 Metaspace       used 23189K, capacity 23719K, committed 23808K, reserved 23936K
}
Event: 101245.905 GC heap before
{Heap before GC invocations=229 (full 3):
 def new generation   total 50752K, used 46946K [0x04e00000, 0x08510000, 0x0f8a0000)
  eden space 45120K, 100% used [0x04e00000, 0x07a10000, 0x07a10000)
  from space 5632K,  32% used [0x07f90000, 0x081588c0, 0x08510000)
  to   space 5632K,   0% used [0x07a10000, 0x07a10000, 0x07f90000)
 tenured generation   total 112584K, used 99863K [0x0f8a0000, 0x16692000, 0x24e00000)
   the space 112584K,  88% used [0x0f8a0000, 0x15a25c80, 0x15a25e00, 0x16692000)
 Metaspace       used 23189K, capacity 23719K, committed 23808K, reserved 23936K
Event: 101245.909 GC heap after
Heap after GC invocations=230 (full 3):
 def new generation   total 50752K, used 1573K [0x04e00000, 0x08510000, 0x0f8a0000)
  eden space 45120K,   0% used [0x04e00000, 0x04e00000, 0x07a10000)
  from space 5632K,  27% used [0x07a10000, 0x07b99658, 0x07f90000)
  to   space 5632K,   0% used [0x07f90000, 0x07f90000, 0x08510000)
 tenured generation   total 112584K, used 99863K [0x0f8a0000, 0x16692000, 0x24e00000)
   the space 112584K,  88% used [0x0f8a0000, 0x15a25c80, 0x15a25e00, 0x16692000)
 Metaspace       used 23189K, capacity 23719K, committed 23808K, reserved 23936K
}
Event: 101333.031 GC heap before
{Heap before GC invocations=230 (full 3):
 def new generation   total 50752K, used 46693K [0x04e00000, 0x08510000, 0x0f8a0000)
  eden space 45120K, 100% used [0x04e00000, 0x07a10000, 0x07a10000)
  from space 5632K,  27% used [0x07a10000, 0x07b99658, 0x07f90000)
  to   space 5632K,   0% used [0x07f90000, 0x07f90000, 0x08510000)
 tenured generation   total 112584K, used 99863K [0x0f8a0000, 0x16692000, 0x24e00000)
   the space 112584K,  88% used [0x0f8a0000, 0x15a25c80, 0x15a25e00, 0x16692000)
 Metaspace       used 23189K, capacity 23719K, committed 23808K, reserved 23936K
Event: 101333.038 GC heap after
Heap after GC invocations=231 (full 3):
 def new generation   total 50752K, used 1787K [0x04e00000, 0x08510000, 0x0f8a0000)
  eden space 45120K,   0% used [0x04e00000, 0x04e00000, 0x07a10000)
  from space 5632K,  31% used [0x07f90000, 0x0814ec40, 0x08510000)
  to   space 5632K,   0% used [0x07a10000, 0x07a10000, 0x07f90000)
 tenured generation   total 112584K, used 99863K [0x0f8a0000, 0x16692000, 0x24e00000)
   the space 112584K,  88% used [0x0f8a0000, 0x15a25c80, 0x15a25e00, 0x16692000)
 Metaspace       used 23189K, capacity 23719K, committed 23808K, reserved 23936K
}
Event: 101471.667 GC heap before
{Heap before GC invocations=231 (full 3):
 def new generation   total 50752K, used 46907K [0x04e00000, 0x08510000, 0x0f8a0000)
  eden space 45120K, 100% used [0x04e00000, 0x07a10000, 0x07a10000)
  from space 5632K,  31% used [0x07f90000, 0x0814ec40, 0x08510000)
  to   space 5632K,   0% used [0x07a10000, 0x07a10000, 0x07f90000)
 tenured generation   total 112584K, used 99863K [0x0f8a0000, 0x16692000, 0x24e00000)
   the space 112584K,  88% used [0x0f8a0000, 0x15a25c80, 0x15a25e00, 0x16692000)
 Metaspace       used 23191K, capacity 23722K, committed 23808K, reserved 23936K
Event: 101471.675 GC heap after
Heap after GC invocations=232 (full 3):
 def new generation   total 50752K, used 1732K [0x04e00000, 0x08510000, 0x0f8a0000)
  eden space 45120K,   0% used [0x04e00000, 0x04e00000, 0x07a10000)
  from space 5632K,  30% used [0x07a10000, 0x07bc1380, 0x07f90000)
  to   space 5632K,   0% used [0x07f90000, 0x07f90000, 0x08510000)
 tenured generation   total 112584K, used 99863K [0x0f8a0000, 0x16692000, 0x24e00000)
   the space 112584K,  88% used [0x0f8a0000, 0x15a25c80, 0x15a25e00, 0x16692000)
 Metaspace       used 23191K, capacity 23722K, committed 23808K, reserved 23936K
}
Event: 106731.831 GC heap before
{Heap before GC invocations=232 (full 3):
 def new generation   total 50752K, used 46314K [0x04e00000, 0x08510000, 0x0f8a0000)
  eden space 45120K,  98% used [0x04e00000, 0x07989568, 0x07a10000)
  from space 5632K,  30% used [0x07a10000, 0x07bc1380, 0x07f90000)
  to   space 5632K,   0% used [0x07f90000, 0x07f90000, 0x08510000)
 tenured generation   total 112584K, used 99863K [0x0f8a0000, 0x16692000, 0x24e00000)
   the space 112584K,  88% used [0x0f8a0000, 0x15a25c80, 0x15a25e00, 0x16692000)
 Metaspace       used 23192K, capacity 23722K, committed 23808K, reserved 23936K
Event: 106731.835 GC heap after
Heap after GC invocations=233 (full 3):
 def new generation   total 50752K, used 3464K [0x04e00000, 0x08510000, 0x0f8a0000)
  eden space 45120K,   0% used [0x04e00000, 0x04e00000, 0x07a10000)
  from space 5632K,  61% used [0x07f90000, 0x082f2090, 0x08510000)
  to   space 5632K,   0% used [0x07a10000, 0x07a10000, 0x07f90000)
 tenured generation   total 112584K, used 99863K [0x0f8a0000, 0x16692000, 0x24e00000)
   the space 112584K,  88% used [0x0f8a0000, 0x15a25c80, 0x15a25e00, 0x16692000)
 Metaspace       used 23192K, capacity 23722K, committed 23808K, reserved 23936K
}

