# JRE version: Java(TM) SE Runtime Environment (8.0_191-b12) (build 1.8.0_191-b12)
# Java VM: Java HotSpot(TM) Client VM (25.191-b12 mixed mode windows-x86 )
Heap:
 def new generation   total 48064K, used 15208K [0x04e00000, 0x08220000, 0x0f8a0000)
  eden space 42752K,  35% used [0x04e00000, 0x05cda2e0, 0x077c0000)
  from space 5312K,   0% used [0x077c0000, 0x077c0000, 0x07cf0000)
  to   space 5312K,   0% used [0x07cf0000, 0x07cf0000, 0x08220000)
 tenured generation   total 106560K, used 63935K [0x0f8a0000, 0x160b0000, 0x24e00000)
   the space 106560K,  59% used [0x0f8a0000, 0x1370fd88, 0x1370fe00, 0x160b0000)
 Metaspace       used 21133K, capacity 21578K, committed 21632K, reserved 21888K
GC Heap History (10 events):
Event: 1.055 GC heap before
{Heap before GC invocations=2 (full 0):
 def new generation   total 39296K, used 39296K [0x04e00000, 0x078a0000, 0x0f8a0000)
  eden space 34944K, 100% used [0x04e00000, 0x07020000, 0x07020000)
  from space 4352K, 100% used [0x07020000, 0x07460000, 0x07460000)
  to   space 4352K,   0% used [0x07460000, 0x07460000, 0x078a0000)
 tenured generation   total 87424K, used 11947K [0x0f8a0000, 0x14e00000, 0x24e00000)
   the space 87424K,  13% used [0x0f8a0000, 0x1044af70, 0x1044b000, 0x14e00000)
 Metaspace       used 11256K, capacity 11495K, committed 11520K, reserved 11648K
Event: 1.110 GC heap after
Heap after GC invocations=3 (full 0):
 def new generation   total 39296K, used 4352K [0x04e00000, 0x078a0000, 0x0f8a0000)
  eden space 34944K,   0% used [0x04e00000, 0x04e00000, 0x07020000)
  from space 4352K, 100% used [0x07460000, 0x078a0000, 0x078a0000)
  to   space 4352K,   0% used [0x07020000, 0x07020000, 0x07460000)
 tenured generation   total 87424K, used 45027K [0x0f8a0000, 0x14e00000, 0x24e00000)
   the space 87424K,  51% used [0x0f8a0000, 0x12498ec0, 0x12499000, 0x14e00000)
 Metaspace       used 11256K, capacity 11495K, committed 11520K, reserved 11648K
}
Event: 2.219 GC heap before
{Heap before GC invocations=3 (full 0):
 def new generation   total 39296K, used 13504K [0x04e00000, 0x078a0000, 0x0f8a0000)
  eden space 34944K,  26% used [0x04e00000, 0x056f0060, 0x07020000)
  from space 4352K, 100% used [0x07460000, 0x078a0000, 0x078a0000)
  to   space 4352K,   0% used [0x07020000, 0x07020000, 0x07460000)
 tenured generation   total 87424K, used 45027K [0x0f8a0000, 0x14e00000, 0x24e00000)
   the space 87424K,  51% used [0x0f8a0000, 0x12498ec0, 0x12499000, 0x14e00000)
 Metaspace       used 12036K, capacity 12263K, committed 12288K, reserved 12672K
Event: 2.259 GC heap after
Heap after GC invocations=4 (full 1):
 def new generation   total 39424K, used 0K [0x04e00000, 0x078c0000, 0x0f8a0000)
  eden space 35072K,   0% used [0x04e00000, 0x04e00000, 0x07040000)
  from space 4352K,   0% used [0x07040000, 0x07040000, 0x07480000)
  to   space 4352K,   0% used [0x07480000, 0x07480000, 0x078c0000)
 tenured generation   total 87424K, used 50223K [0x0f8a0000, 0x14e00000, 0x24e00000)
   the space 87424K,  57% used [0x0f8a0000, 0x129abf40, 0x129ac000, 0x14e00000)
 Metaspace       used 12036K, capacity 12263K, committed 12288K, reserved 12672K
}
Event: 4.226 GC heap before
{Heap before GC invocations=4 (full 1):
 def new generation   total 39424K, used 35072K [0x04e00000, 0x078c0000, 0x0f8a0000)
  eden space 35072K, 100% used [0x04e00000, 0x07040000, 0x07040000)
  from space 4352K,   0% used [0x07040000, 0x07040000, 0x07480000)
  to   space 4352K,   0% used [0x07480000, 0x07480000, 0x078c0000)
 tenured generation   total 87424K, used 50223K [0x0f8a0000, 0x14e00000, 0x24e00000)
   the space 87424K,  57% used [0x0f8a0000, 0x129abf40, 0x129ac000, 0x14e00000)
 Metaspace       used 15731K, capacity 16010K, committed 16128K, reserved 16768K
Event: 4.234 GC heap after
Heap after GC invocations=5 (full 1):
 def new generation   total 39424K, used 4351K [0x04e00000, 0x078c0000, 0x0f8a0000)
  eden space 35072K,   0% used [0x04e00000, 0x04e00000, 0x07040000)
  from space 4352K,  99% used [0x07480000, 0x078bfff8, 0x078c0000)
  to   space 4352K,   0% used [0x07040000, 0x07040000, 0x07480000)
 tenured generation   total 87424K, used 50803K [0x0f8a0000, 0x14e00000, 0x24e00000)
   the space 87424K,  58% used [0x0f8a0000, 0x12a3cc50, 0x12a3ce00, 0x14e00000)
 Metaspace       used 15731K, capacity 16010K, committed 16128K, reserved 16768K
}
Event: 18.159 GC heap before
{Heap before GC invocations=5 (full 1):
 def new generation   total 39424K, used 39423K [0x04e00000, 0x078c0000, 0x0f8a0000)
  eden space 35072K, 100% used [0x04e00000, 0x07040000, 0x07040000)
  from space 4352K,  99% used [0x07480000, 0x078bfff8, 0x078c0000)
  to   space 4352K,   0% used [0x07040000, 0x07040000, 0x07480000)
 tenured generation   total 87424K, used 50803K [0x0f8a0000, 0x14e00000, 0x24e00000)
   the space 87424K,  58% used [0x0f8a0000, 0x12a3cc50, 0x12a3ce00, 0x14e00000)
 Metaspace       used 19030K, capacity 19437K, committed 19584K, reserved 19840K
Event: 18.171 GC heap after
Heap after GC invocations=6 (full 1):
 def new generation   total 39424K, used 4352K [0x04e00000, 0x078c0000, 0x0f8a0000)
  eden space 35072K,   0% used [0x04e00000, 0x04e00000, 0x07040000)
  from space 4352K, 100% used [0x07040000, 0x07480000, 0x07480000)
  to   space 4352K,   0% used [0x07480000, 0x07480000, 0x078c0000)
 tenured generation   total 87424K, used 53447K [0x0f8a0000, 0x14e00000, 0x24e00000)
   the space 87424K,  61% used [0x0f8a0000, 0x12cd1f38, 0x12cd2000, 0x14e00000)
 Metaspace       used 19030K, capacity 19437K, committed 19584K, reserved 19840K
}
Event: 20.397 GC heap before
{Heap before GC invocations=6 (full 1):
 def new generation   total 39424K, used 22521K [0x04e00000, 0x078c0000, 0x0f8a0000)
  eden space 35072K,  51% used [0x04e00000, 0x05fbe5f0, 0x07040000)
  from space 4352K, 100% used [0x07040000, 0x07480000, 0x07480000)
  to   space 4352K,   0% used [0x07480000, 0x07480000, 0x078c0000)
 tenured generation   total 87424K, used 53447K [0x0f8a0000, 0x14e00000, 0x24e00000)
   the space 87424K,  61% used [0x0f8a0000, 0x12cd1f38, 0x12cd2000, 0x14e00000)
 Metaspace       used 19996K, capacity 20430K, committed 20480K, reserved 20864K
Event: 20.477 GC heap after
Heap after GC invocations=7 (full 2):
 def new generation   total 48064K, used 0K [0x04e00000, 0x08220000, 0x0f8a0000)
  eden space 42752K,   0% used [0x04e00000, 0x04e00000, 0x077c0000)
  from space 5312K,   0% used [0x077c0000, 0x077c0000, 0x07cf0000)
  to   space 5312K,   0% used [0x07cf0000, 0x07cf0000, 0x08220000)
 tenured generation   total 106560K, used 63935K [0x0f8a0000, 0x160b0000, 0x24e00000)
   the space 106560K,  59% used [0x0f8a0000, 0x1370fd88, 0x1370fe00, 0x160b0000)
 Metaspace       used 19996K, capacity 20430K, committed 20480K, reserved 20864K
}

